<?xml version="1.0" encoding="UTF-8"?>
<!-- Generated by org.testng.reporters.JUnitReportReporter -->
<testsuite hostname="DESKTOP-HPAH8SE" failures="0" tests="1" name="diffrntwaystopostrequest.WithTheHelpofPojoClass2" time="5.418" errors="0" timestamp="2023-04-24T14:02:01 IST" skipped="0">
  <testcase classname="diffrntwaystopostrequest.WithTheHelpofPojoClass2" name="pojoClass" time="5.418"/>
  <system-out/>
</testsuite> <!-- diffrntwaystopostrequest.WithTheHelpofPojoClass2 -->
