<?xml version="1.0" encoding="UTF-8"?>
<!-- Generated by org.testng.reporters.JUnitReportReporter -->
<testsuite hostname="DESKTOP-HPAH8SE" failures="0" tests="1" name="crudwithoutBdd.GetUser" time="6.734" errors="0" timestamp="2023-04-18T22:47:37 IST" skipped="0">
  <testcase classname="crudwithoutBdd.GetUser" name="getUser" time="6.734"/>
  <system-out/>
</testsuite> <!-- crudwithoutBdd.GetUser -->
