<?xml version="1.0" encoding="UTF-8"?>
<!-- Generated by org.testng.reporters.JUnitReportReporter -->
<testsuite hostname="DESKTOP-HPAH8SE" failures="0" tests="1" name="diffrntwaystopostrequest.WithTheHelpofPojoClass" time="4.470" errors="0" timestamp="2023-04-22T00:15:43 IST" skipped="0">
  <testcase classname="diffrntwaystopostrequest.WithTheHelpofPojoClass" name="createUser" time="4.470"/>
  <system-out/>
</testsuite> <!-- diffrntwaystopostrequest.WithTheHelpofPojoClass -->
