<?xml version="1.0" encoding="UTF-8"?>
<!-- Generated by org.testng.reporters.JUnitReportReporter -->
<testsuite hostname="DESKTOP-HPAH8SE" failures="0" tests="1" name="crudwithoutBdd.DeleteUser" time="6.575" errors="0" timestamp="2023-04-18T23:01:58 IST" skipped="0">
  <testcase classname="crudwithoutBdd.DeleteUser" name="deleteUser" time="6.575"/>
  <system-out/>
</testsuite> <!-- crudwithoutBdd.DeleteUser -->
