<?xml version="1.0" encoding="UTF-8"?>
<!-- Generated by org.testng.reporters.JUnitReportReporter -->
<testsuite hostname="DESKTOP-HPAH8SE" failures="0" tests="3" name="datadriventesting.DDT" time="5.504" errors="0" timestamp="2023-04-24T21:55:11 IST" skipped="0">
  <testcase classname="datadriventesting.DDT" name="createUser" time="4.716"/>
  <system-out/>
  <testcase classname="datadriventesting.DDT" name="createUser" time="0.388"/>
  <system-out/>
  <testcase classname="datadriventesting.DDT" name="createUser" time="0.400"/>
  <system-out/>
</testsuite> <!-- datadriventesting.DDT -->
