<?xml version="1.0" encoding="UTF-8"?>
<!-- Generated by org.testng.reporters.JUnitReportReporter -->
<testsuite hostname="DESKTOP-HPAH8SE" failures="0" tests="1" name="crudwithBdd.GetUser" time="6.283" errors="0" timestamp="2023-04-18T23:27:35 IST" skipped="0">
  <testcase classname="crudwithBdd.GetUser" name="getUser" time="6.283"/>
  <system-out/>
</testsuite> <!-- crudwithBdd.GetUser -->
