<?xml version="1.0" encoding="UTF-8"?>
<!-- Generated by org.testng.reporters.JUnitReportReporter -->
<testsuite hostname="DESKTOP-HPAH8SE" failures="0" tests="1" name="diffrntwaystopostrequest.WithTheHelpofHashMap" time="4.851" errors="0" timestamp="2023-04-19T14:35:01 IST" skipped="0">
  <testcase classname="diffrntwaystopostrequest.WithTheHelpofHashMap" name="withHashMap" time="4.851"/>
  <system-out/>
</testsuite> <!-- diffrntwaystopostrequest.WithTheHelpofHashMap -->
