<?xml version="1.0" encoding="UTF-8"?>
<!-- Generated by org.testng.reporters.JUnitReportReporter -->
<testsuite hostname="DESKTOP-HPAH8SE" failures="0" tests="1" name="crudwithBdd.UpdateUser" time="7.991" errors="0" timestamp="2023-04-18T23:50:25 IST" skipped="0">
  <testcase classname="crudwithBdd.UpdateUser" name="updateUser" time="7.991"/>
  <system-out/>
</testsuite> <!-- crudwithBdd.UpdateUser -->
