<?xml version="1.0" encoding="UTF-8"?>
<!-- Generated by org.testng.reporters.JUnitReportReporter -->
<testsuite hostname="DESKTOP-HPAH8SE" failures="0" tests="1" name="crudwithBdd.DeleteUser" time="7.009" errors="0" timestamp="2023-04-18T23:46:48 IST" skipped="0">
  <testcase classname="crudwithBdd.DeleteUser" name="deleteUser" time="7.009"/>
  <system-out/>
</testsuite> <!-- crudwithBdd.DeleteUser -->
