<?xml version="1.0" encoding="UTF-8"?>
<!-- Generated by org.testng.reporters.JUnitReportReporter -->
<testsuite hostname="DESKTOP-HPAH8SE" failures="0" tests="1" name="requestchaining.RequestChaining" time="4.806" errors="0" timestamp="2023-04-22T00:08:24 IST" skipped="0">
  <testcase classname="requestchaining.RequestChaining" name="reqChaining" time="4.806"/>
  <system-out/>
</testsuite> <!-- requestchaining.RequestChaining -->
