<?xml version="1.0" encoding="UTF-8"?>
<!-- Generated by org.testng.reporters.JUnitReportReporter -->
<testsuite hostname="DESKTOP-HPAH8SE" failures="0" tests="1" name="parameters.PathParameter" time="4.382" errors="0" timestamp="2023-04-19T22:08:23 IST" skipped="0">
  <testcase classname="parameters.PathParameter" name="pathParameter" time="4.382"/>
  <system-out/>
</testsuite> <!-- parameters.PathParameter -->
