<?xml version="1.0" encoding="UTF-8"?>
<!-- Generated by org.testng.reporters.JUnitReportReporter -->
<testsuite hostname="DESKTOP-HPAH8SE" failures="0" tests="3" name="ddt.DataDrivenTesting" time="4.920" errors="0" timestamp="2023-04-19T20:42:48 IST" skipped="0">
  <testcase classname="ddt.DataDrivenTesting" name="createUser" time="4.145"/>
  <system-out/>
  <testcase classname="ddt.DataDrivenTesting" name="createUser" time="0.390"/>
  <system-out/>
  <testcase classname="ddt.DataDrivenTesting" name="createUser" time="0.385"/>
  <system-out/>
</testsuite> <!-- ddt.DataDrivenTesting -->
