<?xml version="1.0" encoding="UTF-8"?>
<!-- Generated by org.testng.reporters.JUnitReportReporter -->
<testsuite hostname="DESKTOP-HPAH8SE" failures="0" tests="1" name="crudwithBdd.CreateUser" time="4.874" errors="0" timestamp="2023-04-24T20:52:44 IST" skipped="0">
  <testcase classname="crudwithBdd.CreateUser" name="createUser" time="4.874"/>
  <system-out/>
</testsuite> <!-- crudwithBdd.CreateUser -->
