<?xml version="1.0" encoding="UTF-8"?>
<!-- Generated by org.testng.reporters.JUnitReportReporter -->
<testsuite hostname="DESKTOP-HPAH8SE" failures="0" tests="1" name="parameters.QueryParameter" time="3.409" errors="0" timestamp="2023-04-19T22:06:03 IST" skipped="0">
  <testcase classname="parameters.QueryParameter" name="queryParameter" time="3.409"/>
  <system-out/>
</testsuite> <!-- parameters.QueryParameter -->
