<?xml version="1.0" encoding="UTF-8"?>
<!-- Generated by org.testng.reporters.JUnitReportReporter -->
<testsuite hostname="DESKTOP-HPAH8SE" failures="0" tests="1" name="diffrntwaystopostrequest.WiththehelpofJsonFile" time="3.834" errors="0" timestamp="2023-04-19T15:00:23 IST" skipped="0">
  <testcase classname="diffrntwaystopostrequest.WiththehelpofJsonFile" name="withJsonFile" time="3.834"/>
  <system-out/>
</testsuite> <!-- diffrntwaystopostrequest.WiththehelpofJsonFile -->
