<?xml version="1.0" encoding="UTF-8"?>
<!-- Generated by org.testng.reporters.JUnitReportReporter -->
<testsuite hostname="DESKTOP-HPAH8SE" failures="0" tests="1" name="crudwithoutBdd.CreateUser" time="4.396" errors="0" timestamp="2023-04-24T14:57:16 IST" skipped="0">
  <testcase classname="crudwithoutBdd.CreateUser" name="createUser" time="4.396"/>
  <system-out/>
</testsuite> <!-- crudwithoutBdd.CreateUser -->
