<?xml version="1.0" encoding="UTF-8"?>
<!-- Generated by org.testng.reporters.JUnitReportReporter -->
<testsuite hostname="DESKTOP-HPAH8SE" failures="0" tests="1" name="authentication.BearerToken" time="4.255" errors="0" timestamp="2023-04-22T23:05:52 IST" skipped="0">
  <testcase classname="authentication.BearerToken" name="bearerToken" time="4.255"/>
  <system-out/>
</testsuite> <!-- authentication.BearerToken -->
