<?xml version="1.0" encoding="UTF-8"?>
<!-- Generated by org.testng.reporters.JUnitReportReporter -->
<testsuite hostname="DESKTOP-HPAH8SE" failures="0" tests="1" name="crudwithoutBdd.UpdateUser" time="8.312" errors="0" timestamp="2023-04-18T22:58:59 IST" skipped="0">
  <testcase classname="crudwithoutBdd.UpdateUser" name="updateUser" time="8.312"/>
  <system-out/>
</testsuite> <!-- crudwithoutBdd.UpdateUser -->
